<?xml version="1.0" encoding="UTF-8"?>
<!-- Generated by org.testng.reporters.JUnitReportReporter -->
<testsuite skipped="0" hostname="DESKTOP-8OBLECF" name="com.learnautomation.unittest.DataProviderTest" tests="1" failures="0" timestamp="2021-06-06T09:45:52 IST" time="1.908" errors="0">
  <testcase name="loadExcel" time="1.908" classname="com.learnautomation.unittest.DataProviderTest"/>
  <system-out/>
</testsuite> <!-- com.learnautomation.unittest.DataProviderTest -->
