<?xml version="1.0" encoding="UTF-8"?>
<!-- Generated by org.testng.reporters.JUnitReportReporter -->
<testsuite skipped="0" hostname="DESKTOP-8OBLECF" name="com.learnautomation.testcases.LoginTest" tests="2" failures="0" timestamp="2021-06-13T09:35:30 IST" time="7.710" errors="0">
  <testcase name="adminLoginTest" time="4.102" classname="com.learnautomation.testcases.LoginTest"/>
  <system-out/>
  <testcase name="logoutTest" time="3.608" classname="com.learnautomation.testcases.LoginTest"/>
  <system-out/>
</testsuite> <!-- com.learnautomation.testcases.LoginTest -->
