<?xml version="1.0" encoding="UTF-8"?>
<!-- Generated by org.testng.reporters.JUnitReportReporter -->
<testsuite skipped="0" hostname="DESKTOP-8OBLECF" name="com.learnautomation.unittest.TestDriver" tests="1" failures="0" timestamp="2021-06-06T08:33:52 IST" time="0.088" errors="0">
  <testcase name="adminLogin" time="0.088" classname="com.learnautomation.unittest.TestDriver"/>
  <system-out/>
</testsuite> <!-- com.learnautomation.unittest.TestDriver -->
