<?xml version="1.0" encoding="UTF-8"?>
<!-- Generated by org.testng.reporters.JUnitReportReporter -->
<testsuite skipped="0" hostname="DESKTOP-8OBLECF" name="com.learnautomation.testcases.GoogleHome" tests="1" failures="0" timestamp="2021-06-13T09:44:20 IST" time="3.489" errors="0">
  <testcase name="googleSearch" time="3.489" classname="com.learnautomation.testcases.GoogleHome"/>
  <system-out/>
</testsuite> <!-- com.learnautomation.testcases.GoogleHome -->
